Compiled jquery.js  (90ms)  (pid 31275)
Compiled jquery-ui.js  (28ms)  (pid 31275)
Compiled jquery_ujs.js  (5ms)  (pid 31275)
Compiled bootstrap-transition.js  (6ms)  (pid 31275)
Compiled bootstrap-affix.js  (6ms)  (pid 31275)
Compiled bootstrap-alert.js  (6ms)  (pid 31275)
Compiled bootstrap-button.js  (4ms)  (pid 31275)
Compiled bootstrap-carousel.js  (5ms)  (pid 31275)
Compiled bootstrap-collapse.js  (5ms)  (pid 31275)
Compiled bootstrap-dropdown.js  (9ms)  (pid 31275)
Compiled bootstrap-modal.js  (5ms)  (pid 31275)
Compiled bootstrap-scrollspy.js  (13ms)  (pid 31275)
Compiled bootstrap-tab.js  (3ms)  (pid 31275)
Compiled bootstrap-tooltip.js  (4ms)  (pid 31275)
Compiled bootstrap-popover.js  (4ms)  (pid 31275)
Compiled bootstrap-typeahead.js  (4ms)  (pid 31275)
Compiled bootstrap.js  (1482ms)  (pid 31275)
Compiled funds.js  (2513ms)  (pid 31275)
Compiled application.js  (4970ms)  (pid 31275)
Compiled custom.css  (14980ms)  (pid 31275)
Compiled funds.css  (15ms)  (pid 31275)
Compiled application.css  (15269ms)  (pid 31275)
Compiled jquery.js  (97ms)  (pid 31275)
Compiled jquery-ui.js  (17ms)  (pid 31275)
Compiled jquery_ujs.js  (13ms)  (pid 31275)
Compiled bootstrap-transition.js  (7ms)  (pid 31275)
Compiled bootstrap-affix.js  (6ms)  (pid 31275)
Compiled bootstrap-alert.js  (5ms)  (pid 31275)
Compiled bootstrap-button.js  (6ms)  (pid 31275)
Compiled bootstrap-carousel.js  (6ms)  (pid 31275)
Compiled bootstrap-collapse.js  (5ms)  (pid 31275)
Compiled bootstrap-dropdown.js  (9ms)  (pid 31275)
Compiled bootstrap-modal.js  (5ms)  (pid 31275)
Compiled bootstrap-scrollspy.js  (5ms)  (pid 31275)
Compiled bootstrap-tab.js  (4ms)  (pid 31275)
Compiled bootstrap-tooltip.js  (17ms)  (pid 31275)
Compiled bootstrap-popover.js  (9ms)  (pid 31275)
Compiled bootstrap-typeahead.js  (5ms)  (pid 31275)
Compiled bootstrap.js  (1535ms)  (pid 31275)
Compiled funds.js  (2680ms)  (pid 31275)
Compiled application.js  (5208ms)  (pid 31275)
Compiled custom.css  (14941ms)  (pid 31275)
Compiled funds.css  (31ms)  (pid 31275)
Compiled application.css  (15257ms)  (pid 31275)
